<?xml version="1.0" encoding="UTF-8"?>
<!-- Generated by org.testng.reporters.JUnitReportReporter -->
<testsuite skipped="0" hostname="asdaas-wv-10461" name="auto.RestAssuredAutomation.Basics" tests="2" failures="0" timestamp="03 Jan 2019 11:46:49 GMT" time="2.933" errors="0">
  <testcase name="testResponseContentType" time="2.618" classname="auto.RestAssuredAutomation.Basics"/>
  <testcase name="testStatus200" time="0.315" classname="auto.RestAssuredAutomation.Basics"/>
</testsuite> <!-- auto.RestAssuredAutomation.Basics -->
